<?xml version="1.0" encoding="utf-8"?><testsuites><testsuite name="pytest" errors="0" failures="0" skipped="0" tests="20" time="1.598" timestamp="2025-06-01T15:27:21.502327-03:00" hostname="DESKTOP-ERTETBK"><testcase classname="tests.integration.test_cartao" name="test_validacao_cartao_valido" time="0.027" /><testcase classname="tests.integration.test_cartao" name="test_nome_titular_vazio" time="0.008" /><testcase classname="tests.integration.test_cartao" name="test_cartao_cvv_invalido[12]" time="0.004" /><testcase classname="tests.integration.test_cartao" name="test_cartao_cvv_invalido[12345]" time="0.004" /><testcase classname="tests.integration.test_cartao" name="test_cartao_cvv_invalido[abc]" time="0.005" /><testcase classname="tests.integration.test_cartao" name="test_cartao_cvv_invalido[]" time="0.004" /><testcase classname="tests.integration.test_cartao" name="test_cartao_cvv_invalido[12a]" time="0.004" /><testcase classname="tests.integration.test_cartao" name="test_cartao_validade_invalida[13/26]" time="0.004" /><testcase classname="tests.integration.test_cartao" name="test_cartao_validade_invalida[00/2026]" time="0.004" /><testcase classname="tests.integration.test_cartao" name="test_cartao_validade_invalida[1-26]" time="0.005" /><testcase classname="tests.integration.test_cartao" name="test_cartao_validade_invalida[02-20]" time="0.004" /><testcase classname="tests.integration.test_cartao" name="test_cartao_validade_invalida[2//2026]" time="0.004" /><testcase classname="tests.integration.test_cartao" name="test_cartao_validade_invalida[aa/2026]" time="0.004" /><testcase classname="tests.integration.test_cartao" name="test_cartao_validade_invalida[1/20ab]" time="0.004" /><testcase classname="tests.integration.test_cartao" name="test_cartao_expirado" time="0.004" /><testcase classname="tests.integration.test_cartao" name="test_cartao_numero_invalido[]" time="0.004" /><testcase classname="tests.integration.test_cartao" name="test_cartao_numero_invalido[abcd1234]" time="0.005" /><testcase classname="tests.integration.test_cartao" name="test_cartao_numero_invalido[0000000000000000]" time="0.004" /><testcase classname="tests.integration.test_cartao" name="test_cartao_numero_invalido[4111111111111121]" time="0.004" /><testcase classname="tests.integration.test_cartao" name="test_cartao_numero_invalido[1234567890123456]" time="0.004" /></testsuite></testsuites>