<?xml version="1.0" encoding="utf-8"?><testsuites><testsuite name="pytest" errors="0" failures="0" skipped="0" tests="19" time="0.168" timestamp="2025-05-31T22:32:16.928906-03:00" hostname="DESKTOP-ERTETBK"><testcase classname="tests.test_cartao" name="test_cartao_valido_com_varios_formatos[M/YY]" time="0.002" /><testcase classname="tests.test_cartao" name="test_cartao_valido_com_varios_formatos[MM/YY]" time="0.001" /><testcase classname="tests.test_cartao" name="test_cartao_valido_com_varios_formatos[M/YYYY]" time="0.001" /><testcase classname="tests.test_cartao" name="test_cartao_valido_com_varios_formatos[MM/YYYY]" time="0.001" /><testcase classname="tests.test_cartao" name="test_nome_titular_vazio_lanca_excecao" time="0.001" /><testcase classname="tests.test_cartao" name="test_validade_com_formato_invalido[13/26]" time="0.001" /><testcase classname="tests.test_cartao" name="test_validade_com_formato_invalido[00/2026]" time="0.001" /><testcase classname="tests.test_cartao" name="test_validade_com_formato_invalido[1-26]" time="0.001" /><testcase classname="tests.test_cartao" name="test_validade_com_formato_invalido[02-20]" time="0.001" /><testcase classname="tests.test_cartao" name="test_validade_com_formato_invalido[2//2026]" time="0.001" /><testcase classname="tests.test_cartao" name="test_validade_com_formato_invalido[aa/2026]" time="0.001" /><testcase classname="tests.test_cartao" name="test_validade_com_formato_invalido[1/20ab]" time="0.001" /><testcase classname="tests.test_cartao" name="test_cartao_expirado_por_ano" time="0.001" /><testcase classname="tests.test_cartao" name="test_cartao_expirado_por_mes" time="0.001" /><testcase classname="tests.test_cartao" name="test_cvv_invalido[12]" time="0.001" /><testcase classname="tests.test_cartao" name="test_cvv_invalido[12345]" time="0.001" /><testcase classname="tests.test_cartao" name="test_cvv_invalido[abc]" time="0.001" /><testcase classname="tests.test_cartao" name="test_cvv_invalido[]" time="0.001" /><testcase classname="tests.test_cartao" name="test_cvv_invalido[12a]" time="0.001" /></testsuite></testsuites>